[    0000000] Linux version 4.15.0-64-generic (buildd@lgw01-amd64-038) (gcc version 7.4.0 (Ubuntu 7.4.0-1ubuntu1~18.04.1)) #73-Ubuntu SMP Thu Sep 12 13:16:13 UTC 2019 (Ubuntu 4.15.0-64.73-generic 4.15.18)
[    0.000000] Command line: BOOT_IMAGE=/boot/vmlinuz-4.15.0-64-generic root=UUID=c96d8c50-ee80-4ac7-84c9-80244f1234dc ro console=tty1 console=ttyS0
[    0.000000] KERNEL supported cpus:
[    0.000000]   Intel GenuineIntel
[    0.000000]   AMD AuthenticAMD
[    0.000000]   Centaur CentaurHauls
[    0.000000] x86/fpu: Supporting XSAVE feature 0x001: 'x87 floating point registers'
[    0.000000] x86/fpu: Supporting XSAVE feature 0x002: 'SSE registers'
[    0.000000] x86/fpu: Supporting XSAVE feature 0x004: 'AVX registers'
[    0.000000] x86/fpu: xstate_offset[2]:  576, xstate_sizes[2]:  256
[    0.000000] x86/fpu: Enabled xstate features 0x7, context size is 832 bytes, using 'standard' format.
[    0.000000] e820: BIOS-provided physical RAM map:
[    0.000000] BIOS-e820: [mem 0x0000000000000000-0x000000000009fbff] usable
[    0.000000] BIOS-e820: [mem 0x000000000009fc00-0x000000000009ffff] reserved
[    0.000000] BIOS-e820: [mem 0x00000000000f0000-0x00000000000fffff] reserved
[    0.000000] BIOS-e820: [mem 0x0000000000100000-0x000000003ffeffff] usable
[    0.000000] BIOS-e820: [mem 0x00000003fff0000-0x000000003fffffff] ACPI data
[    0.000000] BIOS-e820: [mem 0x00000000fec00000-0x00000000fec00fff]] reserved
[    0.000000] BIOS-e820: [mem 0x00000000fee00000-0x00000000fee00fff] reserved
[    0.000000] BIOS-e820: [mem 0x00000000fffc0000-0x00000000ffffffff] reserved
[    0.000000] NX (Execute Disable) protection: active
[    0.000000] SMBIOS 2.5 present.
[    0.000000] DMI: innotek GmbH VirtualBox/VirtualBox, BIOS VirtualBox 12/01/2006
[    0.000000] Hypervisor detected: KVM[    0.000000] e820: last_pfn = 0x3fff0 max_arch_pfn = 0x400000000
[    0.000000] MTRR: Disabled
[[    0.000000] x6/PAT: MTRRs disabled, skipping PAT initialization too.
[    0.000000] CPU MTRRs all blank - virtualized system.
[    0.000000] x86/PAT: Configuration [0-7]: WB  WT  UC- UC  WB  WT  UC- UC  
[    0.000000] found SMP MP-table at [mem 0x0009fff0-0x0009ffff]
[    0.000000] Snning 1 areas for low memory corruption
[    0.000000] RAMDISK: [mem 0x35983000-0x36cb8fff]
[    0.000000] ACPI: Early table checksum verification disabled
[    0.000000] ACPI: RSDP 0x00000000000E0000 000024 (v02 VBOX  )
[    0.000000] ACPI: XSDT 0x000000003FFF0030 00003C (v01 VBOX   VBOXXSDT 00000001 ASL  00000061)
[    0.000000] ACPI: FACP 0x000000003FFF00F0 0000F4 (v04 VBOX   VBOXFACP 00000001 ASL  00000061)
[[    0.000000] ACPI: DSDT 0x000000003FFF0470 0021FF (v02 VBOX   VBOXBIOS 00000002 INTL 20100528)
[    0.000000] ACPI: FACS 0x000000003FFF0200 00040
[    0.000000] ACPI: FACS 0x000000003FFF0200 000040
[    0.000000] ACPI: APIC 0x000000003FFF0240 00005C (v02 VBOX   VBOXAPIC 00000001 ASL  00000061)
[    0.000000] ACPI: SSDT 0x000000003FFF02A0 0001CC (v01 VBOX   VBOXCPUT 00000002 INTL 20100528)
[    0.000000] No NUMA configuration found
[    0.000000] Faking a node at [mem 0x0000000000000000-0x000000003ffeffff]
[    0.000000] NODE_DATA(0) allocated [mem 0x3ffc5000-0x3ffeffff]
[    0.000000] kvm-clock: cpu 0, msr 0:3ff44001, primary cpu clock
[    0.000000] kvm-clock: Using msrs 4b564d01 and 4b564d00
[    0.000000] kvm-clock: using sched offset of 4383092348 cycles
[    0.000000] clocksource: kvm-clock: mask: 0xffffffffffffffff max_cycles: 0x1cd42e4dffb, max_idle_ns: 881590591483 ns
[    0.000000] Zone ranges:
[    0.000000]   DMA      [mem 0x0000000000001000-0x0000000000ffffff]
[    0.000000]   DMA32    [mem 0x0000000001000000-0x000000003ffeffff]
[    0.000000]   Normal   empty
[    0.000000]   Device   empty
[    0.000000] Movable zone start for each node
[    0.000000] Early memory node ranges
[    0.000000]   node   0: [mem 0x0000000000001000-0x000000000009efff]
[    0.000000]   node   0: [mem 0x0000000000100000-0x000000003ffeffff]
[    0.000000] Reserved but unavailable: 98 pages
[    0.000000] Initmem setup node 0 [mm 0x000000000001000-0x000000003ffeffff]
[    0.000000] ACPI: PM-Timer IO Port: 0x4008
[    0.000000] IOAPIC[0]: apic_id 2, version 32, address 0xfec00000, GSI 0-23
[    0.000000] ACPI: INT_SRC_OVR (bus  bs_rq 0 gobairq 2 dfl dfl)
[    0.000000] ACPI: INT_SRC_OVR (bus 0 bus_irq 9 global_irq 9 low level)
[    0.000000] UingCP (MADT) foSM configuraoninformtin
[    0.000000] smpboot:Allowing2 CPs,0 hotplug CPs[    0.00000] PM: Registered nosave memory: [mem 0x00000000-0x00000fff]
[    0.000000] PM: Registered nosave memory: [mem 0x0009f000-0x0009ffff]
[    0.000000] PM: Registered nosave memory: [me 0x000a0000-0x000effff]
[    0.000000] PM: Registered nosave memory: [mem 0x000f0000-0x000fffff]
[    0.000000] e820: [mem 0x40000000-0xfebfffff] available for PCI devices
[    0.000000] Booting paravirtualized kernel on KVM
[    0.000000] clocksource: refined-jiffies: mask: 0xffffffff max_cycles: 0xffffffff, max_idle_ns: 7645519600211568 ns
[    0.000000] random get_rndom_bytes called from start_kernel+0x99/0x4fd with crng_init=0
[    0.000000] setup_percpu: NR_CPUS:8192 nr_cpumask_bits:2 nr_cpu_ids:2 nr_node_ids:1
[    0.000000] percpu: Embedded 46 pages/cpu s151552 r8192 d28672 u1048576
[    0.000000] PV qspinlock hash table entries: 256 (order: 0, 4096 bytes)
[    0.000000] Built 1 zonelists, obility grouping on.  Total pages: 257913
[    0.000000] Policy zone: DMA32
[    0.000000] Kernel command line: BOOT_IMAGE=/boot/vmlinuz-4.15.0-64-generic root=UUID=c96d8c50-ee80-4ac7-84c9-80244f1234dc ro console=tty1 console=ttyS0
[    0.000000] Memory: 982912K/1048120K available (12300K kernel code, 2481K rwdata, 4172K rodata, 2436K init, 2384K bss, 65208K reserved, 0K cma-reserved)
[    0.000000] SLUB: HWalign=64, Order=0-3, MinObjects=0, CPUs=2, Nodes=1
[    0.000000] Kernel/User page tables isolation: enabled
[    0.000000] ftrace: allocating 39306 entries in 154 pages
[    0.004000] Hierarchical RCU implementation.
[    0.004000] 	RCU restricting CPUs from NR_CPUS=8192 to nr_cpu_ids=2.
[    0.004000] 	Tasks RCU enabled.
[    0.004000] RCU: Adjusting geometry for rcu_fanout_leaf=16, nr_cpu_ids=2
[    0.004000] NR_IRQS: 524544, nr_irqs: 440, preallocated irqs: 16
[    0.004000] Conole: colour VGA+ 80x25
[    0.004000] console [tty1] enabled
[    0.004000] console [ttyS0] enabled
[    0.004000] ACPI: Core revision 20170831

[    0.004000] ACPI: 2 ACPI AML tables successfully acquired and loaded
[    0.004000] APIC: Switch to symmetric I/O mode setup
[    0.004000] x2apic enabled
[    0.004000] Switched APIC routing to physical x2apic.
[    0.005030] ..TIMER: vector=0x30 apic1=0 pin1=2 apic2=-1 pin2=-1
[   0.00003] tsc: Detected 1607.999 MHz processor
[    0.012016] Calibrating delay loop (skipped) preset value.. 3215.99 BogoMIPS (lpj=6431996)
[    0.016005] pid_max: default: 32768 minimum: 301
[    0.017573] Security Framework initialized
[    0.020006] Yama: becoming mindful.
[    0.021309] AppArmor: AppArmor initialized
[    0.025905] Dentry cache hash table entries: 131072 (order: 8, 1048576 bytes)
[    0.028431] Inode-cache hash table entries: 65536 (order: 7, 524288 bytes)
[    0.032031] Mount-cache hash table entries: 2048 (order: 2, 16384 bytes)
[    0.036014] Mountpoint-cache hash table entries: 2048 (order: 2, 16384 bytes)
[    0.040415] Last level iTLB entries: 4KB 64, 2MB 8, 4MB 8
[    0.043397] Last level dTLB entries: 4KB 64, 2MB 0, 4MB 0, 1GB 4
[    0.044004] Spectre V1 : Mitigation: usercopy/swapgs barriers and __user pointer sanitization
[    0.048005] Spectre V2 : Mitigation: Full generic retpoline
[    0.052003] Spectre V2 : Spectre v2 / SpectreRSB mitigation: Filling RSB on context switch
[    0.056004] Speculative Store Bypass: Vulnerable
[    0.060054] MDS: Vulnerable: Clear CPU buffers attempted, no microcode
[    0.064507] Freeing SMP alternatives memory: 36K
[    0.076000] smpboot: CPU0: Intel(R) Core(TM) i5-8210Y CPU @ 1.60GHz (family: 0x6, model: 0x8e, stepping: 0x9)
[    0.076090] Performance Events: unsupported p6 CPU model 142 no PMU driver, software events only.
[    0.080067] Hierarchical SRCU implementation.
[    0.084618] NMI watchdog: Perf event create on CPU 0 failed with -2
[    0.086550] NMI watchdog: Perf NMI watchdog permanently disabled
[    0.088053] smp: Bringing up secondary CPUs ...
[    0.089572] x86: Booting SMP configuration:
[    0.090973] .... node  #0, CPUs:      #1
[    0.004000] kvm-clock: cpu 1, msr 0:3ff44041, secondary cpu clock
[    0.104020] smp: Brought up 1 node, 2 CPUs
[    0.105387] smpboot: Max logical packages: 1
[    0.108006] smpboot: Total of 2 processors activated (6431.99 BogoMIPS)
[    0.112136] devtmpfs: initialized
[    0.113138] x86/mm: Memory block size: 128MB
[    0.116141] evm: security.selinux
[    0.120003] evm: security.SMACK64
[    0.124002] evm: security.SMACK64EXEC
[    0.125177] evm: security.SMACK64TRANSMUTE
[    0.126469] evm: security.SMACK64MMAP
[    0.127640] evm: security.apparmor
[    0.128002] evm: security.ima
[    0.129004] evm: security.capability
[    0.130023] clocksource: jiffies: mask: 0xffffffff max_cycles: 0xffffffff, max_idle_ns: 7645041785100000 ns
[    0.132015] futex hash table entries: 512 (order: 3, 32768 bytes)
[    0.140047] pinctrl core: initialized pinctrl subsystem
[    0.141896] RTC time:  5:16:07, date: 09/26/19
[    0.144254] NET: Registered protocol family 16
[    0.148088] audit: initializing netlink subsys (disabled)
[    0.152040] audit: type=2000 audit(1569474971.594:1): state=initialized audit_enabled=0 res=1
[    0.154699] cpuidle: using governor ladder
[    0.156008] cpuidle: using governor menu
[    0.157075] ACPI: bus type PCI registered
[    0.158073] acpiphp: ACPI Hot Plug PCI Controller Driver version: 0.5
[    0.160107] PCI: Using configuration type 1 for base access
[    0.164785] HugeTLB registered 2.00 MiB page size, pre-allocated 0 pages
[    0.168083] ACPI: Added _OSI(Module Device)
[    0.172010] ACPI: Added _OSI(Processor Device)
[    0.174402] ACPI: Added _OSI(3.0 _SCP Extensions)
[    0.176004] ACPI: Added _OSI(Processor Aggregator Device)
[    0.177808] ACPI: Added _OSI(Linux-Dell-Video)
[    0.180003] ACPI: Added _OSI(Linux-Lenovo-NV-HDMI-Audio)
[    0.181668] ACPI: Added _OSI(Linux-HPI-Hybrid-Graphics)
[    0.184432] ACPI: Executed 1 blocks of module-level executable AML code
[    0.189425] ACPI: Interpreter enabled
[    0.192017] ACPI: (supports S0 S5)
[    0.193011] ACPI: Using IOAPIC for interrupt routing
[    0.194660] PCI: Using host bridge windows from ACPI; if necessary, use "pci=nocrs" and report a bug
[    0.196628] ACPI: Enabled 2 GPEs in block 00 to 07
[    0.210205] ACPI: PCI Root Bridge [PCI0] (domain 0000 [bus 00-ff])
[    0.212010] acpi PNP0A03:00: _OSC: OS supports [ASPM ClockPM Segments MSI]
[    0.216033] acpi PNP0A03:00: _OSC: not requesting OS control; OS requires [ExtendedConfig ASPM ClockPM MSI]
[    0.220015] acpi PNP0A03:00: fail to add MMCONFIG information, can't access extended PCI configuration space under this bridge.
[    0.224507] PCI host bridge to bus 0000:00
[    0.228004] pci_bus 0000:00: root bus resource [io  0x0000-0x0cf7 window]
[    0.232004] pci_bus 0000:00: root bus resource [io  0x0d00-0xffff window]
[    0.236003] pci_bus 0000:00: root bus resource [mem 0x000a0000-0x000bffff window]
[    0.238332] pci_bus 0000:00: root bus resource [mem 0x40000000-0xfdffffff window]
[    0.240004] pci_bus 0000:00: root bus resource [bus 00-ff]
[    0.245920] pci 0000:00:01.1: legacy IDE quirk: reg 0x10: [io  0x01f0-0x01f7]
[    0.248010] pci 0000:00:01.1: legacy IDE quirk: reg 0x14: [io  0x03f6]
[    0.252004] pci 0000:00:01.1: legacy IDE quirk: reg 0x18: [io  0x0170-0x0177]
[    0.253921] pci 0000:00:01.1: legacy IDE quirk: reg 0x1c: [io  0x0376]
[    0.286038] pci 0000:00:07.0: quirk: [io  0x4000-0x403f] claimed by PIIX4 ACPI
[    0.288033] pci 0000:00:07.0: quirk: [io  0x4100-0x410f] claimed by PIIX4 SMB
[    0.310461] ACPI: PCI Interrupt Link [LNKA] (IRQs 5 9 10 *11)
[    0.312384] ACPI: PCI Interrupt Link [LNKB] (IRQs 5 9 *10 11)
[    0.316235] ACPI: PCI Interrupt Link [LNKC] (IRQs 5 *9 10 11)
[    0.318288] ACPI: PCI Interrupt Link [LNKD] (IRQs 5 9 10 *11)
[    0.320440] SCSI subsystem initialized
[    0.324061] pci 0000:00:02.0: vgaarb: setting as boot VGA device
[    0.325471] pci 0000:00:02.0: vgaarb: VGA device added: decodes=io+mem,owns=io+mem,locks=none
[    0.328005] pci 0000:00:02.0: vgaarb: bridge control possible
[    0.331129] vgaarb: loaded
[    0.332052] ACPI: bus type USB registered
[    0.334221] usbcore: registered new interface driver usbfs
[    0.336016] usbcore: registered new interface driver hub
[    0.340023] usbcore: registered new device driver usb
[    0.341583] EDAC MC: Ver: 3.0.0
[    0.344374] PCI: Using ACPI for IRQ routing
[    0.348447] NetLabel: Initializing
[    0.350980] NetLabel:  domain hash size = 128
[    0.352003] NetLabel:  protocols = UNLABELED CIPSOv4 CALIPSO
[    0.356050] NetLabel:  unlabeled traffic allowed by default
[    0.357601] clocksource: Switched to clocksource kvm-clock
[    0.3715]VF: Disk quotas dquot_6.6.0
[    0.462727] VFS: Dquot-cache hash table entries: 512 (order 0, 4096 bytes)
[    0.464493] AppArmor: AppArmor Filesystem Enabled
[    0.465686] pnp: P CP iit
[   .56421] pn PnP ACPI: found 3 devices

[    0.722592] clocksource: acpi_pm: mask: 0xffffff max_cycles: 0xffffff, max_idle_ns: 2085701024 ns
[    0.724991] NET: Registered protocol family 2
[    0.728094] TCP established hash table entries: 8192 (order: 4, 65536 bytes)
[    0.730141] TCP bind hash table entries: 8192 (order: 5, 131072 bytes)
[    0.731946] TCP: Hash tables configured (estabished 8192 bind 8192)
[    0.779012] UDP hash tableenries 52 orde 21684 bes)
[    1.0847] DPLie as tbl etries: 512 (order: 2, 16384 bytes)
[    1.323768] NET: Registered protocol family 1
[    1.325309] pci 0000:00:00.0: Limiting direct PCI/PCI transfers
[    1.327290] pci 0000:00:01.0: Activating ISA DA an workarounds
[    1.394315] pci 0000:00:02.0: Video device with shadowed ROM at [mem 0x000c0000-0x000dffff]
[    1.397069] Unpacking initramfs...

[    1.690604] Freeing initrd memory: 19672K
[    1.738176] clocksource: tsc: mask: 0xffffffffffffffff max_cycles: 0x172da94f0e2, max_idle_ns: 440795278248 ns
[    1.824239] platform rtc_cmos: registered platform RTC device (no PNP device found)
[    1.827821] Scanning for low memory corruption every 60 seconds
[    1.830258] Initialise system trusted keyrings
[    1.831499] Key type blacklist registered
[    1.832872] workingset: timestamp_bits=36 max_order=18 bucket_order=0
[    1.835424] zbud: loaded
[    1.843699] squashfs: version 4.0 (2009/01/31) Phillip Lougher
[    1.845890] fuse init (API version 7.26)
[    1.858128] Key type asymmetric registered
[    1.859668] Asymmetric key parser 'x509' registered
[    1.867722] Block layer SCSI generic (bsg) driver version 0.4 loaded (major 246)
[    1.873075] io scheduler noop registered
[    1.876560] io scheduler deadline registered
[    1.878683] io scheduler cfq registered (default)
[    1.882429] ACPI: AC Adapter [AC] (on-line)
[    1.884669] input: Power Button as /devices/LNXSYSTM:00/LNXPWRBN:00/input/input0
[    1.890094] ACPI: Power Button [PWRF]
[    1.892292] input: Sleep Button as /devices/LNXSYSTM:00/LNXSLPBN:00/input/input1
[    1.895856] ACPI: Sleep Button [SLPF]
[    1.899748] Serial: 8250/16550 driver, 32 ports, IRQ sharing enabled
[    1.906589] ACPI: Battery Slot [BAT0] (battery present)
[    1.943996] 00:02: ttyS0 at I/O 0x3f8 (irq = 4, base_baud = 115200) is a 16550A
[    2.040316] Linux agpgart interface v0.103
[    2.052519] loop: module loaded
[    2.074216] scsi host0: ata_piix
[    2.100387] scsi host1: ata_piix
[    2.141349] ata1: PATA max UDMA/33 cmd 0x1f0 ctl 0x3f6 bmdma 0xd000 irq 14
[    2.251927] ata2: PATA max UDMA/33 cmd 0x170 ctl 0x376 bmdma 0xd008 irq 15
[    2.345840] libphy: Fixed MDIO Bus: probed
[    2.349939] tun: Universal TUN/TAP device driver, 1.6
[    2.351979] PPP generic driver version 2.4.2
[    2.357087] ehci_hcd: USB 2.0 'Enhanced' Host Controller (EHCI) Driver
[    2.359118] ehci-pci: EHCI PCI platform driver
[    2.360572] ehci-platform: EHCI generic platform driver
[    2.362388] ohci_hcd: USB 1.1 'Open' Host Controller (OHCI) Driver
[    2.364381] ohci-pci: OHCI PCI platform driver
[    2.365796] ohci-platform: OHCI generic platform driver
[    2.469212] uhci_hcd: USB Universal Host Controller Interface driver
[    2.533613] i8042: PNP: PS/2 Controller [PNP0303:PS2K,PNP0f03:PS2M] at 0x60,0x64 irq 1,12
[    2.596584] serio: i8042 KBD port at 0x60,0x64 irq 1
[    2.600209] serio: i8042 AUX port at 0x60,0x64 irq 12
[    2.603678] mousedev: PS/2 mouse device common for all mice
[    2.719903] input: AT Translated Set 2 keyboard as /devices/platform/i8042/serio0/input/input2
[    2.745347] rtc_cmos rtc_cmos: rtc core: registered rtc_cmos as rtc0
[    2.747351] rtc_cmos rtc_cmos: alarms up to one day, 114 bytes nvram
[    2.749338] i2c /dev entries driver
[    2.750384] device-mapper: uevent: version 1.0.3
[    2.751807] device-mapper: ioctl: 4.37.0-ioctl (2017-09-20) initialised: dm-devel@redhat.com
[    2.763703] ledtrig-cpu: registered to indicate activity on CPUs
[    2.766048] NET: Registered protocol family 10
[    2.824769] Segment Routing with IPv6
[    2.852052] NET: Registered protocol family 17
[    2.853532] Key type dns_resolver registered
[    2.898126] mce: Using 0 MCE banks
[    2.920639] RAS: Correctable Errors collector initialized.
[    2.922233] sched_clock: Marking stable (2920622714, 0)->(4615637901, -1695015187)
[    2.956550] registered taskstats version 1
[    2.958010] Loading compiled-in X.509 certificates
[    2.971529] Loaded X.509 cert 'Build time autogenerated kernel key: 9ff85db0b1f72c0c954e4d2eaca5a9366845820b'
[    2.974883] zswap: loaded using pool lzo/zbud
[    2.982041] Key type big_key registered
[    2.983592] Key type trusted registered
[    2.990225] Key type encrypted registered
[    2.992715] AppArmor: AppArmor sha1 policy hashing enabled
[    2.996573] ima: No TPM chip found, activating TPM-bypass! (rc=-19)
[    2.999582] ima: Allocated hash algorithm: sha1
[    3.001888] evm: HMAC attrs: 0x1
[    3.004555]   Magic number: 3:221:265
[    3.006715] rtc_cmos rtc_cmos: setting system clock to 2019-09-26 05:16:10 UTC (1569474970)
[    3.011358] BIOS EDD facility v0.16 2004-Jun-25, 0 devices found
[    3.015961] EDD information not available.
[    3.025929] Freeing unused kernel image memory: 2436K
[    3.048298] Write protecting the kernel read-only data: 20480k
[    3.053332] Freeing unused kernel image memory: 2008K
[    3.062141] Freeing unused kernel image memory: 1972K
[    3.079130] x86/mm: Checked W+X mappings: passed, no W+X pages found.
[    3.109152] x86/mm: Checking user space page tables
[    3.174492] x86/mm: Checked W+X mappings: passed, no W+X pages found.
Loading, please wait...
starting version 237
[    3.330345] e1000: Intel(R) PRO/1000 Network Driver - version 7.3.21-k8-NAPI
[    3.332429] e1000: Copyright (c) 1999-2006 Intel Corporation.
[    3.336780] Fusion MPT base driver 3.04.20
[    3.338208] Copyright (c) 1999-2008 LSI Corporation
[    3.345110] Fusion MPT SPI Host driver 3.04.20
[    3.356744] AVX2 version of gcm_enc/dec engaged.
[    3.358353] AES CTR mode by8 optimization enabled
[    3.557734] input: ImExPS/2 Generic Explorer Mouse as /devices/platform/i8042/serio1/input/input4
[    3.872190] e1000 0000:00:03.0 eth0: (PCI:33MHz:32-bit) 02:f6:70:42:12:5d
[    3.900067] e1000 0000:00:03.0 eth0: Intel(R) PRO/1000 Network Connection
[    4.363928] e1000 0000:00:08.0 eth1: (PCI:33MHz:32-bit) 08:00:27:8e:6a:71
[    4.507198] e1000 0000:00:08.0 eth1: Intel(R) PRO/1000 Network Connection
[    4.548004] e1000 0000:00:03.0 enp0s3: renamed from eth0
[    4.548267] mptbase: ioc0: Initiating bringup
[    4.560899] e1000 0000:00:08.0 enp0s8: renamed from eth1
[    4.645682] ioc0: LSI53C1030 A0: Capabilities={Initiator}
[    4.945971] scsi host2: ioc0: LSI53C1030 A0, FwRev=00000000h, Ports=1, MaxQ=256, IRQ=20
[    5.217648] scsi 2:0:0:0: Direct-Access     VBOX     HARDDISK         1.0  PQ: 0 ANSI: 5
[    5.259399] scsi target2:0:0: Beginning Domain Validation
[    5.933429] scsi target2:0:0: Domain Validation skipping write tests
[    5.971604] scsi target2:0:0: Ending Domain Validation
[    5.973235] scsi target2:0:0: asynchronous
[    6.364417] scsi 2:0:1:0: Direct-Access     VBOX     HARDDISK         1.0  PQ: 0 ANSI: 5
[    7.838173] scsi target2:0:1: Beginning Domain Validation
[    8.051491] random: fast init done
[    8.053731] scsi target2:0:1: Domain Validation skipping write tests
[    8.055773] scsi target2:0:1: Ending Domain Validation
[    8.057465] scsi target2:0:1: asynchronous
[    8.063517] random: systemd-udevd: uninitialized urandom read (16 bytes read)
[    8.063840] sd 2:0:0:0: [sda] 20971520 512-byte logical blocks: (10.7 GB/10.0 GiB)
[    8.066100] random: systemd-udevd: uninitialized urandom read (16 bytes read)
[    8.067941] sd 2:0:0:0: Attached scsi generic sg0 type 0
[    8.070460] random: systemd-udevd: uninitialized urandom read (16 bytes read)
[    8.070746] sd 2:0:0:0: [sda] Write Protect is off
[    8.100993] sd 2:0:1:0: Attached scsi generic sg1 type 0
[    8.101064] sd 2:0:0:0: [sda] Incomplete mode parameter data
[    8.102821] sd 2:0:1:0: [sdb] 20480 512-byte logical blocks: (10.5 MB/10.0 MiB)
[    8.104870] sd 2:0:0:0: [sda] Assuming drive cache: write through
[    8.108718] sd 2:0:1:0: [sdb] Write Protect is off
[    8.110790] sd 2:0:1:0: [sdb] Incomplete mode parameter data
[    8.112769] sd 2:0:1:0: [sdb] Assuming drive cache: write through
[    8.115534]  sda: sda1
[    8.118413] sd 2:0:1:0: [sdb] Attached SCSI disk
[    8.149135] sd 2:0:0:0: [sda] Attached SCSI disk
Begin: Loading essential drivers ... [    9.596130] raid6: sse2x1   gen()  7839 MB/s
[    9.644541] raid6: sse2x1   xor()  3373 MB/s
[    9.712407] raid6: sse2x2   gen()  5618 MB/s
[    9.768466] raid6: sse2x2   xor()  2326 MB/s
[    9.820441] raid6: sse2x4   gen() 13328 MB/s
[    9.896022] raid6: sse2x4   xor()  9448 MB/s
[    9.944227] raid6: avx2x1   gen() 19497 MB/s
[    9.996035] raid6: avx2x1   xor() 15741 MB/s
[   10.072038] raid6: avx2x2   gen() 29398 MB/s
[   10.124254] raid6: avx2x2   xor() 18360 MB/s
[   10.192015] raid6: avx2x4   gen() 30730 MB/s
[   10.244252] raid6: avx2x4   xor() 19740 MB/s
[   10.250823] raid6: using algorithm avx2x4 gen() 30730 MB/s
[   10.252235] raid6: .... xor() 19740 MB/s, rmw enabled
[   10.253831] raid6: using avx2x2 recovery algorithm
[   10.257050] xor: automatically using best checksumming function   avx       
[   10.274355] async_tx: api initialized (async)
done.
Begin: Running /scripts/init-premount ... done.[   10.319896] Btrfs loaded, crc32c=crc32c-intel

Begin: Mounting root file system ... Begin: Running /scripts/local-top ... done.
Begin: Running /scripts/local-premount ... Scanning for Btrfs filesystems
done.
Warning: fsck no[   10.480302] EXT4-fs (sda1): INFO: recovery required on readonly filesystem
t present, so sk[   10.499309] EXT4-fs (sda1): write access will be enabled during recovery
ipping root file system
[   10.617475] EXT4-fs (sda1): recovery complete
[   10.649768] EXT4-fs (sda1): mounted filesystem with ordered data mode. Opts: (null)
done.
Begin: Running /scripts/local-bottom ... done.
Begin: Running /scripts/init-bottom ... done.
[   10.910058] ip_tables: (C) 2000-2006 Netfilter Core Team
[   10.953134] systemd[1]: systemd 237 running in system mode. (+PAM +AUDIT +SELINUX +IMA +APPARMOR +SMACK +SYSVINIT +UTMP +LIBCRYPTSETUP +GCRYPT +GNUTLS +ACL +XZ +LZ4 +SECCOMP +BLKID +ELFUTILS +KMOD -IDN2 +IDN -PCRE2 default-hierarchy=hybrid)
[   11.006019] systemd[1]: Detected virtualization oracle.
[   11.010530] systemd[1]: Detected architecture x86-64.

Welcome to [1mUbuntu 18.04.3 LTS[0m!

[   11.054644] systemd[1]: Set hostname to <ubuntu-bionic>.
[   11.444425] systemd[1]: Set up automount Arbitrary Executable File Formats File System Automount Point.
[[0;32m  OK  [0m] Set up automount Arbitrary Executab…rmats File System Automount Point.
[   11.453380] systemd[1]: Created slice System Slice.
[[0;32m  OK  [0m] Created slice System Slice.
[   11.456506] systemd[1]: Listening on Journal Socket.
[[0;32m  OK  [0m] Listening on Journal Socket.
[   11.459910] systemd[1]: Listening on LVM2 metadata daemon socket.
[[0;32m  OK  [0m] Listening on LVM2 metadata daemon socket.
[   11.464254] systemd[1]: Starting Remount Root and Kernel File Systems...
         Starting Remount Root and Kernel File Systems...
[   11.468302] systemd[1]: Listening on Journal Socket (/dev/log).
[[0;32m  OK  [0m] Listening on Jou[   11.478175] EXT4-fs (sda1): re-mounted. Opts: (null)
rnal Socket (/dev/log).
         Starting Set the console keyboard layout...
         Starting Load Kernel Modules...
         Starting Uncomplicated firewall...
[[0;32m  OK  [0m] Listening on LVM2 poll daemon socket.
[   11.533274] Loading iSCSI transport class v2.0-870.
[[0;32m  OK  [0m] Listening on udev Control Socket.
         Starting Create list of required st…ce nodes for the current kernel...
         Mounting Huge Pages File System...
[[0;32m  OK  [0m] Reached targe[   11.574943] iscsi: registered transport (tcp)
t System Time Synchronized.
         Mounting POSIX Message Queue File System...
[[0;32m  OK  [0m] Started Forward Password Requests to Wall Directory Watch.
[[0;32m  OK  [0m] Listening on Network Service Netlink Socket.
[[0;32m  OK  [0m] Reached target Swap.
[[0;32m  OK  [0m] Listening on /dev/initctl Compatibility Named Pipe.
[[0;32m  OK  [0m] Created slice User and Session Slice.
[[0;32m  OK  [0m] Reached target Slices.
[[0;32m  OK  [0m] Created slice system-serial\x2dgetty.slice.
[[0;32m  OK  [0m] Reached target User and Group Name Lookups.
[[0;32m  OK  [0m[   11.631887] iscsi: registered transport (iser)
] Listening on Journal Audit Socket.
[[0;32m  OK  [0m] Listening on udev Kernel Socket.
         Starting udev Coldplug all Devices...
[[0;32m  OK  [0m] Listening on RPCbind Server Activation Socket.
         Mounting Kernel Debug File System...
[[0;32m  OK  [0m] Listening on Device-mapper event daemon FIFOs.
         Starting Monitoring of LVM2 mirrors…ng dmeventd or progress polling...
         Mounting RPC Pipe File System...
[[0;32m  OK  [0m] Listening on Syslog Socket.
         Starting Journal Service...
[[0;32m  OK  [0m] Started Remount Root and Kernel File Systems.
[[0;32m  OK  [0m] Started Set the console keyboard layout.
[[0;32m  OK  [0m] Started Load Kernel Modules.
[[0;32m  OK  [0m] Started Uncomplicated firewall.
[[0;32m  OK  [0m] Started Create list of required sta…vice nodes for the current kernel.
[[0;32m  OK  [0m] Mounted Huge Pages File System.
[[0;32m  OK  [0m] Mounted POSIX Message Queue File System.
[[0;32m  OK  [0m] Mounted Kernel D[   11.707474] RPC: Registered named UNIX socket transport module.
ebug File System[   11.709652] RPC: Registered udp transport module.
.
[   11.710950] RPC: Registered tcp transport module.
[   11.712184] RPC: Registered tcp NFSv4.1 backchannel transport module.
[[0;32m  OK  [0m] Started LVM2 metadata daemon.
         Starting Create Static Device Nodes in /dev...
         Mounting FUSE Control File System...
         Mounting Kernel Configuration File System...
         Starting Apply Kernel Variables...
         Starting Load/Save Random Seed...
[[0;32m  OK  [0m] Started Journal Service.
[[0;32m  OK  [0m] Mounted RPC Pipe File System.
[[0;32m  OK  [0m] Started Monitoring of LVM2 mirrors,…sing dmeventd or progress polling.
[[0;32m  OK  [0m] Started udev Coldplug all Devices.
[[0;32m  OK  [0m] Started Create Static Device Nodes in /dev.
[[0;32m  OK  [0m] Mounted FUSE Control File System.
[[0;32m  OK  [0m] Mounted Kernel Configuration File System.
[[0;32m  OK  [0m] Started Apply Kernel Variables.
[[0;32m  OK  [0m] Started Load/Save Random Seed.
         Starting udev Kernel Device Manager...
[[0;32m  OK  [0m] Reached target Local File Systems (Pre).
[[0;32m  OK  [0m] Reached target Local File Systems.
         Starting AppArmor initialization...
         Starting Preprocess NFS configuration...
         Starting Tell Plymouth To Write Out Runtime Data...
         Starting Set console font and keymap...
         Starting ebtables ruleset management...
         Starting Flush Journal to Persistent Storage...
[[0;32m  OK  [0m] Started udev Kernel Device Manager.
[[0;32m  OK  [0m] Started Preprocess NFS configuration.
[[0;32m  OK  [0m] Started Tell Plymouth To Write Out Runtime Data.
[[0;32m  OK  [0m] Started Set console font and keymap.
[[0;32m  OK  [0m] Reached target NFS client services.
[[0;32m  OK  [0m] Started Dispatch Password Requests to Console Directory Watch.
[[0;32m  OK  [0m] Reached target Local Encrypted Volumes.
[[0;32m  OK  [0m] Started ebtables ruleset management.
[[0;32m  OK  [0m] Started Flush Journal to Persistent Storage.
         Starting Create Volatile Files and Directories...
[[0;32m  OK  [0m] Found device /dev/ttyS0.
[[0;32m  OK  [0m] Started Create Volatile Files and Directories.
         Starting Update UTMP about System Boot/Shutdown...
         Starting RPC bind portmap service...
[[0;32m  OK  [0m] Started RPC bind portmap service.
[[0;32m  OK  [0m] Started Update UTMP about System Boot/Shutdown.
[[0;32m  OK  [0m] Reached target RPC Port Mapper.
[[0;32m  OK  [0m] Listening on Load/Save RF Kill Switch Status /dev/rfkill Watch.
[[0;32m  OK  [0m] Started AppArmor initialization.
         Starting Initial cloud-init job (pre-networking)...
[   14.351673] cloud-init[542]: Cloud-init v. 19.1-1-gbaa47854-0ubuntu1~18.04.1 running 'init-local' at Thu, 26 Sep 2019 05:16:21 +0000. Up 14.07 seconds.
[[0;32m  OK  [0m] Started Initial cloud-init job (pre-networking).
[[0;32m  OK  [0m] Reached target Network (Pre).
         Starting Network Service...
[[0;32m  OK  [0m] Started Network Service.
         Starting Network Name Resolution...
         Starting Wait for Network to be Configured...
[[0;32m  OK  [0m] Started Network Name Resolution.
[[0;32m  OK  [0m] Reached target Host and Network Name Lookups.
[[0;32m  OK  [0m] Reached target Network.
[[0;32m  OK  [0m] Started Wait for Network to be Configured.
         Starting Initial cloud-init job (metadata service crawler)...
[   16.943526] cloud-init[709]: Cloud-init v. 19.1-1-gbaa47854-0ubuntu1~18.04.1 running 'init' at Thu, 26 Sep 2019 05:16:24 +0000. Up 16.72 seconds.
[   16.961482] cloud-init[709]: ci-info: ++++++++++++++++++++++++++++++++++++++Net device info+++++++++++++++++++++++++++++++++++++++
[   16.977566] cloud-init[709]: ci-info: +--------+------+-----------------------------+---------------+--------+-------------------+
[   16.999000] cloud-init[709]: ci-info: | Device |  Up  |           Address           |      Mask     | Scope  |     Hw-Address    |
[   17.002801] cloud-init[709]: ci-info: +--------+------+-----------------------------+---------------+--------+-------------------+
[   17.013429] cloud-init[709]: ci-info: | enp0s3 | True |          10.0.2.15          | 255.255.255.0 | global | 02:f6:70:42:12:5d |
[   17.017157] cloud-init[709]: ci-info: | enp0s3 | True |  fe80::f6:70ff:fe42:125d/64 |       .       |  link  | 02:f6:70:42:12:5d |
[   17.021499] cloud-init[709]: ci-info: | enp0s8 | True |        192.168.33.10        | 255.255.255.0 | global | 08:00:27:8e:6a:71 |
[   17.025598] cloud-init[709]: ci-info: | enp0s8 | True | fe80::a00:27ff:fe8e:6a71/64 |       .       |  link  | 08:00:27:8e:6a:71 |
[   17.029124] cloud-init[709]: ci-info: |   lo   | True |          127.0.0.1          |   255.0.0.0   |  host  |         .         |
[   17.032700] cloud-init[709]: ci-info: |   lo   | True |           ::1/128           |       .       |  host  |         .         |
[   17.036409] cloud-init[709]: ci-info: +--------+------+-----------------------------+---------------+--------+-------------------+
[   17.040966] cloud-init[709]: ci-info: +++++++++++++++++++++++++++++Route IPv4 info+++++++++++++++++++++++++++++
[   17.068971] cloud-init[709]: ci-info: +-------+--------------+----------+-----------------+-----------+-------+
[   17.075670] cloud-init[709]: ci-info: | Route | Destination  | Gateway  |     Genmask     | Interface | Flags |
[   17.088313] cloud-init[709]: ci-info: +-------+--------------+----------+-----------------+-----------+-------+
[   17.128273] cloud-init[709]: ci-info: |   0   |   0.0.0.0    | 10.0.2.2 |     0.0.0.0     |   enp0s3  |   UG  |
[   17.156417] cloud-init[709]: ci-info: |   1   |   10.0.2.0   | 0.0.0.0  |  255.255.255.0  |   enp0s3  |   U   |
[   17.166652] cloud-init[709]: ci-info: |   2   |   10.0.2.2   | 0.0.0.0  | 255.255.255.255 |   enp0s3  |   UH  |
[   17.170121] cloud-init[709]: ci-info: |   3   | 192.168.33.0 | 0.0.0.0  |  255.255.255.0  |   enp0s8  |   U   |
[   17.173537] cloud-init[709]: ci-info: +-------+--------------+----------+-----------------+-----------+-------+
[   17.176596] cloud-init[709]: ci-info: +++++++++++++++++++Route IPv6 info+++++++++++++++++++
[   17.179066] cloud-init[709]: ci-info: +-------+-------------+---------+-----------+-------+
[   17.181798] cloud-init[709]: ci-info: | Route | Destination | Gateway | Interface | Flags |
[   17.184587] cloud-init[709]: ci-info: +-------+-------------+---------+-----------+-------+
[   17.197856] cloud-init[709]: ci-info: |   1   |  fe80::/64  |    ::   |   enp0s3  |   U   |
[   17.209016] cloud-init[709]: ci-info: |   2   |  fe80::/64  |    ::   |   enp0s8  |   U   |
[   17.217704] cloud-init[709]: ci-info: |   4   |    local    |    ::   |   enp0s3  |   U   |
[   17.228303] cloud-init[709]: ci-info: |   5   |    local    |    ::   |   enp0s8  |   U   |
[   17.244695] cloud-init[709]: ci-info: |   6   |   ff00::/8  |    ::   |   enp0s3  |   U   |
[   17.252632] cloud-init[709]: ci-info: |   7   |   ff00::/8  |    ::   |   enp0s8  |   U   |
[   17.268464] cloud-init[709]: ci-info: +-------+-------------+---------+-----------+-------+
[[0;32m  OK  [0m] Started Initial cloud-init job (metadata service crawler).
[[0;32m  OK  [0m] Reached target Cloud-config availability.
[[0;32m  OK  [0m] Reached target System Initialization.
[[0;32m  OK  [0m] Started Daily apt download activities.
         Starting Socket activation for snappy daemon.
[[0;32m  OK  [0m] Listening on ACPID Listen Socket.
[[0;32m  OK  [0m] Started ACPI Events Check.
[[0;32m  OK  [0m] Listening on Open-iSCSI iscsid Socket.
[[0;32m  OK  [0m] Listening on D-Bus System Message Bus Socket.
[[0;32m  OK  [0m] Reached target Paths.
[[0;32m  OK  [0m] Started Message of the Day.
[[0;32m  OK  [0m] Started Daily Cleanup of Temporary Directories.
         Starting LXD - unix socket.
[[0;32m  OK  [0m] Started Discard unused blocks once a week.
[[0;32m  OK  [0m] Started Daily apt upgrade and clean activities.
[[0;32m  OK  [0m] Reached target Timers.
[[0;32m  OK  [0m] Listening on UUID daemon activation socket.
[[0;32m  OK  [0m] Reached target Network is Online.
[[0;32m  OK  [0m] Reached target Remote File Systems (Pre).
[[0;32m  OK  [0m] Reached target Remote File Systems.
         Starting Availability of block devices...
[[0;32m  OK  [0m] Listening on Socket activation for snappy daemon.
[[0;32m  OK  [0m] Listening on LXD - unix socket.
[[0;32m  OK  [0m] Reached target Sockets.
[[0;32m  OK  [0m] Reached target Basic System.
         Starting LSB: Record successful boot for GRUB...
[[0;32m  OK  [0m] Started D-Bus System Message Bus.
         Starting Message of the Day...
[[0;32m  OK  [0m] Started Regular background program processing daemon.
         Starting Accounts Service...
         Starting Dispatcher daemon for systemd-networkd...
[[0;32m  OK  [0m] Started Deferred execution scheduler.
         Starting Permit User Sessions...
         Starting LSB: automatic crash report generation...
         Starting LXD - container startup/shutdown...
         Starting OpenBSD Secure Shell server...
         Starting System Logging Service...
[[0;32m  OK  [0m] Started irqbalance daemon.
         Starting Login Service...
[[0;32m  OK  [0m] Started FUSE filesystem for LXC.
         Starting vboxadd.service...
         Starting Snappy daemon...
[[0;32m  OK  [0m] Started System Logging Service.
[[0;32m  OK  [0m] Started Availability of block devices.
[[0;32m  OK  [0m] Started Permit User Sessions.
[[0;32m  OK  [0m] Started LXD - container startup/shutdown.
[[0;32m  OK  [0m] Started OpenBSD Secure Shell server.
[[0;32m  OK  [0m] Started Login Service.
[[0;32m  OK  [0m] Started Unattended Upgrades Shutdown.
         Starting Authorization Manager...
         Starting Terminate Plymouth Boot Screen...
         Starting Hold until boot process finishes up...
[[0;32m  OK  [0m] Started Hold until boot process finishes up.
         Starting Set console scheme...
[[0;32m  OK  [0m] Started Serial Getty on ttyS0.
[[0;32m  OK  [0m] Started Terminate Plymouth Boot Screen.
[[0;32m  OK  [0m] Started Set console scheme.
[[0;32m  OK  [0m] Created slice system-getty.slice.
[[0;32m  OK  [0m] Started Getty on tty1.
[[0;32m  OK  [0m] Reached target Login Prompts.
[[0;32m  OK  [0m] Started Dispatcher daemon for systemd-networkd.
[[0;32m  OK  [0m] Started Authorization Manager.
[[0;32m  OK  [0m] Started Accounts Service.
[[0;32m  OK  [0m] Started LSB: automatic crash report generation.
[[0;32m  OK  [0m] Started LSB: Record successful boot for GRUB.
[[0;32m  OK  [0m] Created slice User Slice of vagrant.
         Starting User Manager for UID 1000...
[[0;32m  OK  [0m] Started Session 1 of user vagrant.
[[0;32m  OK  [0m] Started User Manager for UID 1000.
[[0;32m  OK  [0m] Started Snappy daemon.
         Starting Wait until snapd is fully seeded...
[[0;32m  OK  [0m] Started Wait until snapd is fully seeded.
         Starting Apply the settings specified in cloud-config...
[[0;32m  OK  [0m] Started vboxadd.service.
         Starting vboxadd-service.service...
[[0;32m  OK  [0m] Started vboxadd-service.service.
[[0;32m  OK  [0m] Reached target Multi-User System.
[[0;32m  OK  [0m] Reached target Graphical Interface.
         Starting Update UTMP about System Runlevel Changes...
[[0;32m  OK  [0m] Started Update UTMP about System Runlevel Changes.
[[0;32m  OK  [0m] Started Message of the Day.
[   19.887195] cloud-init[1178]: Cloud-init v. 19.1-1-gbaa47854-0ubuntu1~18.04.1 running 'modules:config' at Thu, 26 Sep 2019 05:16:27 +0000. Up 19.73 seconds.
[[0;32m  OK  [0m] Started Apply the settings specified in cloud-config.
         Starting Execute cloud user/final scripts...
[   20.681446] cloud-init[1308]: Cloud-init v. 19.1-1-gbaa47854-0ubuntu1~18.04.1 running 'modules:final' at Thu, 26 Sep 2019 05:16:28 +0000. Up 20.52 seconds.
[   20.728040] cloud-init[1308]: Cloud-init v. 19.1-1-gbaa47854-0ubuntu1~18.04.1 finished at Thu, 26 Sep 2019 05:16:28 +0000. Datasource DataSourceNoCloud [seed=/dev/sdb][dsmode=net].  Up 20.66 seconds
[[0;32m  OK  [0m] Started Execute cloud user/final scripts.
[[0;32m  OK  [0m] Reached target Cloud-init target.
         Starting Daily apt download activities...

Ubuntu 18.04.3 LTS ubuntu-bionic ttyS0

ubuntu-bionic login: 